1802:            || first.includes("TEMP_UPSCALE")
1804:            || first.includes("QA_ENTRY_SHORTCUT")
2167:            console.log("[QA_ENTRY_SHORTCUT] keep_kimware=true");
3670:          console.log(`[UNIT_ALPHA_CLEAN] name=정2 face=${face || "F"} residueBefore=${before} residueAfter=${after} fringeFix=${after < before ? "yes" : "no"}`);
3716:          const base = `[UNIT_RENDER] qaStage=${info.qaStage} name=${info.name} path=${info.path} sourcePx=${info.sourcePx} drawBoxPx=${info.drawBoxPx} displayPx=${info.displayPx} anchor=${info.anchor} alpha=${info.alpha} sheetRow=${info.sheetRow || "-"} sheetCol=${info.sheetCol || "-"}`;
3774:                  console.log(`[UNIT_RENDER_WAIT] qaStage=${qaStage} name=${unitRenderName(u)} reason=await_sheet_ssot_ready key=${key}`);
3831:                ? (usedSsot ? "SHEET_SSOT" : ((used48 || sourcePx >= 48) ? "HIGHER_SOURCE" : "TEMP_UPSCALE"))
3838:              if (stg2AllyVisual && isJeong2Render && renderPath !== "SHEET_SSOT") {
3842:                console.log(`[UNIT_RENDER_FAIL] qaStage=${qaStage} name=${unitRenderName(u)} reason=${renderReason} expected=SHEET_SSOT key=${key}`);
3843:              } else if (renderPath === "TEMP_UPSCALE") {
3915:                console.log("[VERIFY_PUSH_BUG] dxdy mutated", { id: u.id, x: u.x, y: u.y, from: [_dx0, _dy0], to: [dx, dy] });
3931:                    `[UNIT_FOOTPRINT] qaStage=${qaStage} name=${unitRenderName(u)} sourcePx=${sourcePx} drawBoxPx=${drawBoxInternal} displayPx=${displayPx} anchor=tile_bottom_center ` +
3981:                  path: "TEMP_UPSCALE",
4012:                path: "TEMP_UPSCALE",
7425:            console.log("[QA_ENTRY_SHORTCUT] stage=STG2 roster=" + campaign.rosterIds.join(","));
7428:              console.log("[VERIFY_PUSH_BUG] no_mutation_detected");
7435:                console.log("[QA_ENTRY_SHORTCUT] focus=jeong2_camera_center");
9067:          <div class="tutorial-dialog-actions"><button id="tutorialDialogNextBtn" class="btnSmall" type="button">다음</button></div></div><pre id="qaVerifyDump" style="position: fixed; left: 8px; bottom: 8px; z-index: 99; margin: 0px; padding: 6px 8px; max-width: 95vw; max-height: 40vh; overflow: auto; background: rgba(0, 0, 0, 0.72); color: rgb(216, 251, 226); border: 1px solid rgba(120, 220, 180, 0.85); font: 11px / 1.35 ui-monospace, SFMono-Regular, Menlo, Consolas, monospace;">[QA_ENTRY_SHORTCUT] stage=STG2 roster=leader,jeong2,mender,kimware
9068:[VERIFY_PUSH_BUG] no_mutation_detected
9069:[QA_ENTRY_SHORTCUT] keep_kimware=true
9070:[UNIT_RENDER] qaStage=STG2 name=김웨어 path=TEMP_UPSCALE sourcePx=32 drawBoxPx=64 displayPx=64 anchor=tile_bottom_center alpha=unknown sheetRow=- sheetCol=- reason=legacy_shape_path
9071:[UNIT_RENDER_WAIT] qaStage=STG2 name=정2 reason=await_sheet_ssot_ready key=jeong2_F
9072:[UNIT_RENDER] qaStage=STG2 name=리더 path=TEMP_UPSCALE sourcePx=32 drawBoxPx=64 displayPx=64 anchor=tile_bottom_center alpha=unknown sheetRow=- sheetCol=- reason=legacy_shape_path
9073:[QA_ENTRY_SHORTCUT] focus=jeong2_camera_center
9074:[UNIT_RENDER] qaStage=STG2 name=냥산 path=LEGACY_SOURCE sourcePx=32 drawBoxPx=32 displayPx=32 anchor=tile_bottom_center alpha=yes sheetRow=- sheetCol=-
9075:[UNIT_ALPHA_CLEAN] name=정2 face=F residueBefore=3 residueAfter=0 fringeFix=yes
9076:[UNIT_RENDER] qaStage=STG2 name=정2 path=SHEET_SSOT sourcePx=64 drawBoxPx=24 displayPx=24 anchor=tile_bottom_center alpha=yes sheetRow=top sheetCol=1
9077:[UNIT_FOOTPRINT] qaStage=STG2 name=정2 sourcePx=64 drawBoxPx=24 displayPx=24 anchor=tile_bottom_center visualWidthTiles=1.36 visualHeightTiles=1.36 overhangLeftPx=3 overhangRightPx=3</pre><div class="dev-menu-overlay"><div class="dev-menu-panel" role="dialog" aria-modal="true">
