1801:            || first.includes("TEMP_UPSCALE")
1803:            || first.includes("QA_ENTRY_SHORTCUT")
2163:            console.log("[QA_ENTRY_SHORTCUT] keep_kimware=true");
3593:          const base = `[UNIT_RENDER] qaStage=${info.qaStage} name=${info.name} path=${info.path} sourcePx=${info.sourcePx} drawBoxPx=${info.drawBoxPx} displayPx=${info.displayPx} anchor=${info.anchor} alpha=${info.alpha} sheetRow=${info.sheetRow || "-"} sheetCol=${info.sheetCol || "-"}`;
3696:                ? (usedSsot ? "SHEET_SSOT" : ((used48 || sourcePx >= 48) ? "HIGHER_SOURCE" : "TEMP_UPSCALE"))
3703:              if (stg2AllyVisual && isJeong2Render && renderPath !== "SHEET_SSOT") {
3707:                console.log(`[UNIT_RENDER_FAIL] qaStage=${qaStage} name=${unitRenderName(u)} reason=${renderReason} expected=SHEET_SSOT key=${key}`);
3708:              } else if (renderPath === "TEMP_UPSCALE") {
3780:                console.log("[VERIFY_PUSH_BUG] dxdy mutated", { id: u.id, x: u.x, y: u.y, from: [_dx0, _dy0], to: [dx, dy] });
3827:                  path: "TEMP_UPSCALE",
3858:                path: "TEMP_UPSCALE",
7271:            console.log("[QA_ENTRY_SHORTCUT] stage=STG2 roster=" + campaign.rosterIds.join(","));
7274:              console.log("[VERIFY_PUSH_BUG] no_mutation_detected");
8906:          <div class="tutorial-dialog-actions"><button id="tutorialDialogNextBtn" class="btnSmall" type="button">다음</button></div></div><pre id="qaVerifyDump" style="position: fixed; left: 8px; bottom: 8px; z-index: 99; margin: 0px; padding: 6px 8px; max-width: 95vw; max-height: 40vh; overflow: auto; background: rgba(0, 0, 0, 0.72); color: rgb(216, 251, 226); border: 1px solid rgba(120, 220, 180, 0.85); font: 11px / 1.35 ui-monospace, SFMono-Regular, Menlo, Consolas, monospace;">[QA_ENTRY_SHORTCUT] stage=STG2 roster=leader,jeong2,mender,kimware
8907:[VERIFY_PUSH_BUG] no_mutation_detected
8908:[QA_ENTRY_SHORTCUT] keep_kimware=true
8909:[UNIT_RENDER] qaStage=STG2 name=김웨어 path=TEMP_UPSCALE sourcePx=32 drawBoxPx=64 displayPx=64 anchor=tile_bottom_center alpha=unknown sheetRow=- sheetCol=- reason=legacy_shape_path
8910:[UNIT_RENDER] qaStage=STG2 name=정2 path=TEMP_UPSCALE sourcePx=32 drawBoxPx=64 displayPx=64 anchor=tile_bottom_center alpha=unknown sheetRow=- sheetCol=- reason=legacy_shape_path
8911:[UNIT_RENDER] qaStage=STG2 name=리더 path=TEMP_UPSCALE sourcePx=32 drawBoxPx=64 displayPx=64 anchor=tile_bottom_center alpha=unknown sheetRow=- sheetCol=- reason=legacy_shape_path
8912:[UNIT_RENDER] qaStage=STG2 name=냥산 path=LEGACY_SOURCE sourcePx=32 drawBoxPx=32 displayPx=32 anchor=tile_bottom_center alpha=yes sheetRow=- sheetCol=-
8913:[UNIT_RENDER_FAIL] qaStage=STG2 name=정2 reason=assets_not_ready expected=SHEET_SSOT key=jeong2_F
8914:[UNIT_RENDER] qaStage=STG2 name=정2 path=TEMP_UPSCALE sourcePx=32 drawBoxPx=64 displayPx=64 anchor=tile_bottom_center alpha=yes sheetRow=- sheetCol=- reason=assets_not_ready
8915:[UNIT_RENDER_FAIL] qaStage=STG2 name=정2 reason=assets_not_ready expected=SHEET_SSOT key=jeong2_F
8916:[UNIT_RENDER_FAIL] qaStage=STG2 name=정2 reason=assets_not_ready expected=SHEET_SSOT key=jeong2_F
8918:[UNIT_RENDER] qaStage=STG2 name=정2 path=HIGHER_SOURCE sourcePx=48 drawBoxPx=64 displayPx=64 anchor=tile_bottom_center alpha=yes sheetRow=- sheetCol=- reason=assets_not_ready
8919:[UNIT_RENDER] qaStage=STG2 name=정2 path=SHEET_SSOT sourcePx=64 drawBoxPx=64 displayPx=64 anchor=tile_bottom_center alpha=yes sheetRow=top sheetCol=1</pre><div class="dev-menu-overlay"><div class="dev-menu-panel" role="dialog" aria-modal="true">
